<?xml version="1.0" encoding="UTF-8"?>
<!-- Generated by org.testng.reporters.JUnitXMLReporter -->
<testsuite ignored="0" hostname="DESKTOP-EP81H27" failures="0" tests="1" name="Test" time="567.235" errors="0" timestamp="2025-06-25T16:39:57 IST">
  <testcase classname="ninzaCRM.GenericUtilities.BaseClass" name="@AfterClass acConfig" time="25.16">
    <failure type="org.openqa.selenium.WebDriverException" message="Timed out waiting for driver server to stop.
Build info: version: &amp;apos;4.12.1&amp;apos;, revision: &amp;apos;8e34639b11&amp;apos;
System info: os.name: &amp;apos;Windows 10&amp;apos;, os.arch: &amp;apos;amd64&amp;apos;, os.version: &amp;apos;10.0&amp;apos;, java.version: &amp;apos;21.0.4&amp;apos;
Driver info: org.openqa.selenium.edge.EdgeDriver
Command: [e4bbdb4f21bef53834cc4c5871591d23, quit {}]
Capabilities {acceptInsecureCerts: false, browserName: MicrosoftEdge, browserVersion: 137.0.3296.93, fedcm:accounts: true, ms:edgeOptions: {debuggerAddress: localhost:58710}, msedge: {msedgedriverVersion: 137.0.3296.93 (114b4a913acd..., userDataDir: C:\Users\OMSAI~1\AppData\Lo...}, networkConnectionEnabled: false, pageLoadStrategy: normal, platformName: windows, proxy: Proxy(), se:cdp: ws://localhost:58710/devtoo..., se:cdpVersion: 137.0.3296.93, setWindowRect: true, strictFileInteractability: false, timeouts: {implicit: 0, pageLoad: 300000, script: 30000}, unhandledPromptBehavior: dismiss and notify, webauthn:extension:credBlob: true, webauthn:extension:largeBlob: true, webauthn:extension:minPinLength: true, webauthn:extension:prf: true, webauthn:virtualAuthenticators: true}
Session ID: e4bbdb4f21bef53834cc4c5871591d23">
      <![CDATA[org.openqa.selenium.WebDriverException: Timed out waiting for driver server to stop.
Build info: version: '4.12.1', revision: '8e34639b11'
System info: os.name: 'Windows 10', os.arch: 'amd64', os.version: '10.0', java.version: '21.0.4'
Driver info: org.openqa.selenium.edge.EdgeDriver
Command: [e4bbdb4f21bef53834cc4c5871591d23, quit {}]
Capabilities {acceptInsecureCerts: false, browserName: MicrosoftEdge, browserVersion: 137.0.3296.93, fedcm:accounts: true, ms:edgeOptions: {debuggerAddress: localhost:58710}, msedge: {msedgedriverVersion: 137.0.3296.93 (114b4a913acd..., userDataDir: C:\Users\OMSAI~1\AppData\Lo...}, networkConnectionEnabled: false, pageLoadStrategy: normal, platformName: windows, proxy: Proxy(), se:cdp: ws://localhost:58710/devtoo..., se:cdpVersion: 137.0.3296.93, setWindowRect: true, strictFileInteractability: false, timeouts: {implicit: 0, pageLoad: 300000, script: 30000}, unhandledPromptBehavior: dismiss and notify, webauthn:extension:credBlob: true, webauthn:extension:largeBlob: true, webauthn:extension:minPinLength: true, webauthn:extension:prf: true, webauthn:virtualAuthenticators: true}
Session ID: e4bbdb4f21bef53834cc4c5871591d23
at org.openqa.selenium.remote.service.DriverCommandExecutor.execute(DriverCommandExecutor.java:161)
at org.openqa.selenium.remote.RemoteWebDriver.execute(RemoteWebDriver.java:602)
at org.openqa.selenium.remote.RemoteWebDriver.execute(RemoteWebDriver.java:675)
at org.openqa.selenium.remote.RemoteWebDriver.execute(RemoteWebDriver.java:679)
at org.openqa.selenium.remote.RemoteWebDriver.quit(RemoteWebDriver.java:437)
at org.openqa.selenium.chromium.ChromiumDriver.quit(ChromiumDriver.java:351)
at ninzaCRM.GenericUtilities.BaseClass.acConfig(BaseClass.java:100)
at java.base/java.util.ArrayList.forEach(ArrayList.java:1596)
Caused by: java.util.concurrent.ExecutionException: org.openqa.selenium.TimeoutException: Process timed out after waiting for 20000 ms.
Build info: version: '4.12.1', revision: '8e34639b11'
System info: os.name: 'Windows 10', os.arch: 'amd64', os.version: '10.0', java.version: '21.0.4'
Driver info: driver.version: unknown
at java.base/java.util.concurrent.CompletableFuture.reportGet(CompletableFuture.java:396)
at java.base/java.util.concurrent.CompletableFuture.get(CompletableFuture.java:2096)
at org.openqa.selenium.remote.service.DriverCommandExecutor.execute(DriverCommandExecutor.java:157)
... 30 more
Caused by: org.openqa.selenium.TimeoutException: Process timed out after waiting for 20000 ms.
Build info: version: '4.12.1', revision: '8e34639b11'
System info: os.name: 'Windows 10', os.arch: 'amd64', os.version: '10.0', java.version: '21.0.4'
Driver info: driver.version: unknown
at org.openqa.selenium.os.OsProcess.waitFor(OsProcess.java:183)
at org.openqa.selenium.os.CommandLine.waitFor(CommandLine.java:117)
at org.openqa.selenium.remote.service.DriverCommandExecutor.lambda$execute$2(DriverCommandExecutor.java:148)
at java.base/java.util.concurrent.CompletableFuture$AsyncSupply.run(CompletableFuture.java:1768)
at java.base/java.util.concurrent.ThreadPoolExecutor.runWorker(ThreadPoolExecutor.java:1144)
at java.base/java.util.concurrent.ThreadPoolExecutor$Worker.run(ThreadPoolExecutor.java:642)
at java.base/java.lang.Thread.run(Thread.java:1583)
... Removed 23 stack frames]]>
    </failure>
  </testcase> <!-- @AfterClass acConfig -->
  <testcase classname="ninzaCRM.ContactsTests.CreateContactTest" name="tc_01_createContactTest" time="41.699"/>
</testsuite> <!-- Test -->
