<?xml version="1.0" encoding="UTF-8"?>
<testng-results ignored="0" total="1" passed="1" failed="0" skipped="0">
  <reporter-output>
  </reporter-output>
  <suite started-at="2025-06-20T19:34:54 IST" name="Default suite" finished-at="2025-06-20T19:43:50 IST" duration-ms="536300">
    <groups>
    </groups>
    <test started-at="2025-06-20T19:34:54 IST" name="Default test" finished-at="2025-06-20T19:43:50 IST" duration-ms="536300">
      <class name="ninzaCRM.ContactsTests.CreateContactTest">
        <test-method is-config="true" signature="bsConfig()[pri:0, instance:ninzaCRM.ContactsTests.CreateContactTest@2f9f7dcf]" started-at="2025-06-20T19:34:54 IST" name="bsConfig" finished-at="2025-06-20T19:34:54 IST" duration-ms="40" status="PASS">
          <reporter-output>
          </reporter-output>
        </test-method> <!-- bsConfig -->
        <test-method is-config="true" signature="bcConfig()[pri:0, instance:ninzaCRM.ContactsTests.CreateContactTest@2f9f7dcf]" started-at="2025-06-20T19:34:54 IST" name="bcConfig" finished-at="2025-06-20T19:43:05 IST" duration-ms="490952" status="PASS">
          <reporter-output>
          </reporter-output>
        </test-method> <!-- bcConfig -->
        <test-method is-config="true" signature="bmConfig()[pri:0, instance:ninzaCRM.ContactsTests.CreateContactTest@2f9f7dcf]" started-at="2025-06-20T19:43:05 IST" name="bmConfig" finished-at="2025-06-20T19:43:07 IST" duration-ms="2122" status="PASS">
          <reporter-output>
          </reporter-output>
        </test-method> <!-- bmConfig -->
        <test-method signature="tc_01_createContactTest()[pri:0, instance:ninzaCRM.ContactsTests.CreateContactTest@2f9f7dcf]" started-at="2025-06-20T19:43:07 IST" name="tc_01_createContactTest" finished-at="2025-06-20T19:43:43 IST" duration-ms="35789" status="PASS">
          <reporter-output>
          </reporter-output>
        </test-method> <!-- tc_01_createContactTest -->
        <test-method is-config="true" signature="amConfig()[pri:0, instance:ninzaCRM.ContactsTests.CreateContactTest@2f9f7dcf]" started-at="2025-06-20T19:43:43 IST" name="amConfig" finished-at="2025-06-20T19:43:49 IST" duration-ms="5837" status="PASS">
          <reporter-output>
          </reporter-output>
        </test-method> <!-- amConfig -->
        <test-method is-config="true" signature="acConfig()[pri:0, instance:ninzaCRM.ContactsTests.CreateContactTest@2f9f7dcf]" started-at="2025-06-20T19:43:49 IST" name="acConfig" finished-at="2025-06-20T19:43:50 IST" duration-ms="1510" status="PASS">
          <reporter-output>
          </reporter-output>
        </test-method> <!-- acConfig -->
        <test-method is-config="true" signature="asConfig()[pri:0, instance:ninzaCRM.ContactsTests.CreateContactTest@2f9f7dcf]" started-at="2025-06-20T19:43:50 IST" name="asConfig" finished-at="2025-06-20T19:43:50 IST" duration-ms="1" status="PASS">
          <reporter-output>
          </reporter-output>
        </test-method> <!-- asConfig -->
      </class> <!-- ninzaCRM.ContactsTests.CreateContactTest -->
    </test> <!-- Default test -->
  </suite> <!-- Default suite -->
</testng-results>
